SonarQube plugins:
  - Python Code Quality and Security 3.9.0.9230 (python)
  - Go Code Quality and Security 1.9.0.3429 (go)
  - JaCoCo 1.1.1.1157 (jacoco)
  - Kotlin Code Quality and Security 2.9.0.1147 (kotlin)
  - IaC Code Quality and Security 1.5.0.1600 (iac)
  - JavaScript/TypeScript Code Quality and Security 8.8.0.17228 (javascript)
  - Ruby Code Quality and Security 1.9.0.3429 (ruby)
  - Scala Code Quality and Security 1.9.0.3429 (sonarscala)
  - C# Code Quality and Security 8.34.0.42011 (csharp)
  - Java Code Quality and Security 7.7.0.28547 (java)
  - SonarQube CNES Report 4.1.0 (cnesreport)
  - HTML Code Quality and Security 3.6.0.3106 (web)
  - Flex Code Quality and Security 2.7.0.2865 (flex)
  - XML Code Quality and Security 2.5.0.3376 (xml)
  - PHP Code Quality and Security 3.22.1.8626 (php)
  - Text file Code Quality and Security 1.0.0.120 (text)
  - VB.NET Code Quality and Security 8.34.0.42011 (vbnet)
  - Configuration detection fot Code Quality and Security 1.2.0.267 (config)
Global server settings:
  - sonar.core.id=A7EE8CF2-AX9sUAtQq9NaO--xwvrQ
  - sonar.core.startTime=2023-07-23T19:17:27-0700
  - sonar.forceAuthentication=true
  - sonar.plugins.risk.consent=ACCEPTED
Project server settings:
Project scanner properties:
  - sonar.host.url=http://192.168.3.186:9000
  - sonar.javascript.exclusions=src/**/*.html
  - sonar.login=******
  - sonar.projectBaseDir=C:\TFSAgent\_work\158\s\DLR_WASM
  - sonar.projectKey=dynamsoft-dlrjs-src
  - sonar.projectVersion=1.0.0
  - sonar.scanner.app=ScannerCLI
  - sonar.scanner.appVersion=4.7.0.2747
  - sonar.sourceEncoding=UTF-8
  - sonar.sources=src
  - sonar.verbose=true
  - sonar.working.directory=C:\TFSAgent\_work\158\s\DLR_WASM\.scannerwork
